[INFO ] 2018-06-22 20:14:22.918 [JavaFX Application Thread] Settings - 
  i i i i i i i
  I I I I I I I
  I  \ `+' /  I
   \  `-+-'  /
    `-__|__-'
        |
  ------+------
[INFO ] 2018-06-22 20:14:23.013 [JavaFX Application Thread] Settings - Настройки сервера загружены.
[INFO ] 2018-06-22 20:14:27.581 [JavaFX Application Thread] HibernateFactory - Hibernate is building...
[INFO ] 2018-06-22 20:14:27.769 [JavaFX Application Thread] Version - HHH000412: Hibernate Core {5.2.12.Final}
[INFO ] 2018-06-22 20:14:27.772 [JavaFX Application Thread] Environment - HHH000206: hibernate.properties not found
[INFO ] 2018-06-22 20:14:28.177 [JavaFX Application Thread] Version - HCANN000001: Hibernate Commons Annotations {5.0.1.Final}
[WARN ] 2018-06-22 20:14:29.647 [JavaFX Application Thread] pooling - HHH10001002: Using Hibernate built-in connection pool (not for production use!)
[INFO ] 2018-06-22 20:14:29.662 [JavaFX Application Thread] pooling - HHH10001005: using driver [com.mysql.jdbc.Driver] at URL [jdbc:mysql://localhost:3306/jis?useSSL=false]
[INFO ] 2018-06-22 20:14:29.662 [JavaFX Application Thread] pooling - HHH10001001: Connection properties: {user=jis, password=****}
[INFO ] 2018-06-22 20:14:29.663 [JavaFX Application Thread] pooling - HHH10001003: Autocommit mode: false
[INFO ] 2018-06-22 20:14:29.667 [JavaFX Application Thread] DriverManagerConnectionProviderImpl - HHH000115: Hibernate connection pool size: 20 (min=1)
[INFO ] 2018-06-22 20:14:30.185 [JavaFX Application Thread] Dialect - HHH000400: Using dialect: org.hibernate.dialect.MySQLDialect
[INFO ] 2018-06-22 20:14:30.314 [JavaFX Application Thread] EnversServiceImpl - Envers integration enabled? : true
[INFO ] 2018-06-22 20:14:31.413 [JavaFX Application Thread] QueryTranslatorFactoryInitiator - HHH000397: Using ASTQueryTranslatorFactory
[INFO ] 2018-06-22 20:14:31.646 [JavaFX Application Thread] HibernateFactory - Hibernate created.
[INFO ] 2018-06-22 20:14:31.794 [ServerThread] Server - onStart
[INFO ] 2018-06-22 20:14:31.801 [ServerThread] Server - onReady /127.0.0.1:8189
[INFO ] 2018-06-22 20:15:33.526 [ServerThread] Server - onAccepted : Socket[addr=/127.0.0.1,port=38690,localport=8189]
[INFO ] 2018-06-22 20:15:33.530 [ClientThread] Server - onStart : User ClientThread on Socket[addr=/127.0.0.1,port=38690,localport=8189]
[INFO ] 2018-06-22 20:15:33.530 [ClientThread] Server - onReady : User ClientThread on Socket[addr=/127.0.0.1,port=38690,localport=8189]
[INFO ] 2018-06-22 20:15:33.637 [ClientThread] Server - onGet : User ClientThread on Socket[addr=/127.0.0.1,port=38690,localport=8189] : <-- 
{
    "request": "authentication",
    "data": {
        "password": "admin",
        "login": "admin"
    }
}
[INFO ] 2018-06-22 20:15:33.771 [ClientThread] Server - onPost : User ClientThread on Socket[addr=/127.0.0.1,port=38690,localport=8189] : --> 
{
    "data": {"nickname": "Admin"},
    "response": "authorization"
}
[INFO ] 2018-06-22 20:15:33.954 [Admin] Server - onGet : User Admin on Socket[addr=/127.0.0.1,port=38690,localport=8189] : <-- 
{
    "request": "list",
    "data": {"path": "/"}
}
[INFO ] 2018-06-22 20:15:34.009 [Admin] Server - onPost : User Admin on Socket[addr=/127.0.0.1,port=38690,localport=8189] : --> 
{
    "data": {
        "date": [
            "09.05.2018 17:32:12",
            "04.01.2018 13:58:32",
            "04.01.2018 13:58:39",
            "09.05.2018 17:32:0",
            "31.12.2017 11:6:59",
            "04.01.2018 12:20:36",
            "03.01.2018 11:30:1",
            "31.12.2017 11:7:11",
            "24.12.2017 15:52:3",
            "03.01.2018 9:12:42",
            "03.01.2018 11:30:6"
        ],
        "size": [
            "",
            "6557",
            "7405",
            "",
            "125",
            "8488",
            "163328",
            "67",
            "",
            "",
            "23987"
        ],
        "name": [
            "Урок 2. JVM. Полное погружение",
            "LibreOffice Calc",
            "LibreOffice Writer",
            "Урок 1. Проектирование архитектуры и модели данных",
            "server_settings.json",
            "screen01.png",
            "screen00.png",
            "сlient_settings.json",
            "Kotlin",
            "Урок 3. Сборщики проектов",
            "screen03.png"
        ],
        "type": [
            "dir",
            "file",
            "file",
            "dir",
            "file",
            "file",
            "file",
            "file",
            "dir",
            "dir",
            "file"
        ]
    },
    "response": "list"
}
[INFO ] 2018-06-22 20:15:53.616 [Admin] Server - onGet : User Admin on Socket[addr=/127.0.0.1,port=38690,localport=8189] : <-- 
{
    "request": "list",
    "data": {"path": "/Урок 2. JVM. Полное погружение"}
}
[INFO ] 2018-06-22 20:15:53.635 [Admin] Server - onPost : User Admin on Socket[addr=/127.0.0.1,port=38690,localport=8189] : --> 
{
    "data": {
        "date": ["09.05.2018 17:32:12"],
        "size": ["163328"],
        "name": ["screen00.png"],
        "type": ["file"]
    },
    "response": "list"
}
[INFO ] 2018-06-22 20:15:56.156 [Admin] Server - onGet : User Admin on Socket[addr=/127.0.0.1,port=38690,localport=8189] : <-- 
{
    "request": "list",
    "data": {"path": "/"}
}
[INFO ] 2018-06-22 20:15:56.172 [Admin] Server - onPost : User Admin on Socket[addr=/127.0.0.1,port=38690,localport=8189] : --> 
{
    "data": {
        "date": [
            "09.05.2018 17:32:12",
            "04.01.2018 13:58:32",
            "04.01.2018 13:58:39",
            "09.05.2018 17:32:0",
            "31.12.2017 11:6:59",
            "04.01.2018 12:20:36",
            "03.01.2018 11:30:1",
            "31.12.2017 11:7:11",
            "24.12.2017 15:52:3",
            "03.01.2018 9:12:42",
            "03.01.2018 11:30:6"
        ],
        "size": [
            "",
            "6557",
            "7405",
            "",
            "125",
            "8488",
            "163328",
            "67",
            "",
            "",
            "23987"
        ],
        "name": [
            "Урок 2. JVM. Полное погружение",
            "LibreOffice Calc",
            "LibreOffice Writer",
            "Урок 1. Проектирование архитектуры и модели данных",
            "server_settings.json",
            "screen01.png",
            "screen00.png",
            "сlient_settings.json",
            "Kotlin",
            "Урок 3. Сборщики проектов",
            "screen03.png"
        ],
        "type": [
            "dir",
            "file",
            "file",
            "dir",
            "file",
            "file",
            "file",
            "file",
            "dir",
            "dir",
            "file"
        ]
    },
    "response": "list"
}
[INFO ] 2018-06-22 20:15:57.780 [Admin] Server - onGet : User Admin on Socket[addr=/127.0.0.1,port=38690,localport=8189] : <-- 
{
    "request": "list",
    "data": {"path": "/Kotlin"}
}
[INFO ] 2018-06-22 20:15:57.796 [Admin] Server - onPost : User Admin on Socket[addr=/127.0.0.1,port=38690,localport=8189] : --> 
{
    "data": {
        "date": [
            "24.12.2017 15:52:21",
            "24.12.2017 15:52:6",
            "24.12.2017 15:52:3",
            "24.12.2017 15:52:3"
        ],
        "size": [
            "",
            "",
            "",
            "498"
        ],
        "name": [
            ".idea",
            ".git",
            "src",
            "Kotlin.iml"
        ],
        "type": [
            "dir",
            "dir",
            "dir",
            "file"
        ]
    },
    "response": "list"
}
[INFO ] 2018-06-22 20:16:04.498 [Admin] Server - onGet : User Admin on Socket[addr=/127.0.0.1,port=38690,localport=8189] : <-- 
{
    "request": "upload",
    "data": {"filename": "/Kotlin/screen00.png"}
}
[INFO ] 2018-06-22 20:16:04.537 [Admin] FileTransferThread - Receive file 'screen00.png' from 'Admin'.
[INFO ] 2018-06-22 20:16:04.550 [Admin] Server - onPost : User Admin on Socket[addr=/127.0.0.1,port=38690,localport=8189] : --> 
{
    "data": {"socket": {
        "hostname": "192.168.0.30",
        "port": 51965,
        "key": "/Kotlin/screen00.png"
    }},
    "response": "ready-upload"
}
[INFO ] 2018-06-22 20:16:04.552 [screen00.png] Server - onStart : Receive file 'screen00.png' from 'Admin'.
[INFO ] 2018-06-22 20:16:05.220 [Client] FileTransferThread - Send file 'screen00.png' to 'Client' on 192.168.0.30:51965.
[INFO ] 2018-06-22 20:16:05.361 [screen00.png] Server - onPost : User Admin on Socket[addr=/127.0.0.1,port=38690,localport=8189] : --> 
{
    "data": {
        "date": [
            "24.12.2017 15:52:21",
            "24.12.2017 15:52:6",
            "24.12.2017 15:52:3",
            "22.06.2018 20:16:5",
            "24.12.2017 15:52:3"
        ],
        "size": [
            "",
            "",
            "",
            "163328",
            "498"
        ],
        "name": [
            ".idea",
            ".git",
            "src",
            "screen00.png",
            "Kotlin.iml"
        ],
        "type": [
            "dir",
            "dir",
            "dir",
            "file",
            "file"
        ]
    },
    "response": "list"
}
[INFO ] 2018-06-22 20:16:05.362 [screen00.png] Server - onStop : Receive file 'screen00.png' from 'Admin'.
[INFO ] 2018-06-22 20:16:08.326 [Admin] Server - onGet : User Admin on Socket[addr=/127.0.0.1,port=38690,localport=8189] : <-- 
{
    "request": "list",
    "data": {"path": "/"}
}
[INFO ] 2018-06-22 20:16:08.340 [Admin] Server - onPost : User Admin on Socket[addr=/127.0.0.1,port=38690,localport=8189] : --> 
{
    "data": {
        "date": [
            "09.05.2018 17:32:12",
            "04.01.2018 13:58:32",
            "04.01.2018 13:58:39",
            "09.05.2018 17:32:0",
            "31.12.2017 11:6:59",
            "04.01.2018 12:20:36",
            "03.01.2018 11:30:1",
            "31.12.2017 11:7:11",
            "22.06.2018 20:16:5",
            "03.01.2018 9:12:42",
            "03.01.2018 11:30:6"
        ],
        "size": [
            "",
            "6557",
            "7405",
            "",
            "125",
            "8488",
            "163328",
            "67",
            "",
            "",
            "23987"
        ],
        "name": [
            "Урок 2. JVM. Полное погружение",
            "LibreOffice Calc",
            "LibreOffice Writer",
            "Урок 1. Проектирование архитектуры и модели данных",
            "server_settings.json",
            "screen01.png",
            "screen00.png",
            "сlient_settings.json",
            "Kotlin",
            "Урок 3. Сборщики проектов",
            "screen03.png"
        ],
        "type": [
            "dir",
            "file",
            "file",
            "dir",
            "file",
            "file",
            "file",
            "file",
            "dir",
            "dir",
            "file"
        ]
    },
    "response": "list"
}
[INFO ] 2018-06-22 20:16:17.858 [Admin] Server - onGet : User Admin on Socket[addr=/127.0.0.1,port=38690,localport=8189] : <-- 
{
    "request": "create-folder",
    "data": {"new-folder": "/45t"}
}
[INFO ] 2018-06-22 20:16:17.872 [Admin] Server - Новый каталог '/45t' пользователя 'Admin' создан.
[INFO ] 2018-06-22 20:16:17.887 [Admin] Server - onPost : User Admin on Socket[addr=/127.0.0.1,port=38690,localport=8189] : --> 
{
    "data": {
        "date": [
            "09.05.2018 17:32:12",
            "04.01.2018 13:58:32",
            "04.01.2018 13:58:39",
            "09.05.2018 17:32:0",
            "31.12.2017 11:6:59",
            "04.01.2018 12:20:36",
            "03.01.2018 11:30:1",
            "22.06.2018 20:16:17",
            "31.12.2017 11:7:11",
            "22.06.2018 20:16:5",
            "03.01.2018 9:12:42",
            "03.01.2018 11:30:6"
        ],
        "size": [
            "",
            "6557",
            "7405",
            "",
            "125",
            "8488",
            "163328",
            "",
            "67",
            "",
            "",
            "23987"
        ],
        "name": [
            "Урок 2. JVM. Полное погружение",
            "LibreOffice Calc",
            "LibreOffice Writer",
            "Урок 1. Проектирование архитектуры и модели данных",
            "server_settings.json",
            "screen01.png",
            "screen00.png",
            "45t",
            "сlient_settings.json",
            "Kotlin",
            "Урок 3. Сборщики проектов",
            "screen03.png"
        ],
        "type": [
            "dir",
            "file",
            "file",
            "dir",
            "file",
            "file",
            "file",
            "dir",
            "file",
            "dir",
            "dir",
            "file"
        ]
    },
    "response": "list"
}
[INFO ] 2018-06-22 20:16:19.674 [Admin] Server - onGet : User Admin on Socket[addr=/127.0.0.1,port=38690,localport=8189] : <-- 
{
    "request": "list",
    "data": {"path": "/45t"}
}
[INFO ] 2018-06-22 20:16:19.684 [Admin] Server - onPost : User Admin on Socket[addr=/127.0.0.1,port=38690,localport=8189] : --> 
{
    "data": {
        "date": [],
        "size": [],
        "name": [],
        "type": []
    },
    "response": "list"
}
[INFO ] 2018-06-22 20:16:25.258 [Admin] Server - onGet : User Admin on Socket[addr=/127.0.0.1,port=38690,localport=8189] : <-- 
{
    "request": "create-folder",
    "data": {"new-folder": "/45t/tbrb"}
}
[INFO ] 2018-06-22 20:16:25.269 [Admin] Server - Новый каталог '/45t/tbrb' пользователя 'Admin' создан.
[INFO ] 2018-06-22 20:16:25.271 [Admin] Server - onPost : User Admin on Socket[addr=/127.0.0.1,port=38690,localport=8189] : --> 
{
    "data": {
        "date": ["22.06.2018 20:16:25"],
        "size": [""],
        "name": ["tbrb"],
        "type": ["dir"]
    },
    "response": "list"
}
[INFO ] 2018-06-22 20:16:27.230 [Admin] Server - onGet : User Admin on Socket[addr=/127.0.0.1,port=38690,localport=8189] : <-- 
{
    "request": "list",
    "data": {"path": "/"}
}
[INFO ] 2018-06-22 20:16:27.245 [Admin] Server - onPost : User Admin on Socket[addr=/127.0.0.1,port=38690,localport=8189] : --> 
{
    "data": {
        "date": [
            "09.05.2018 17:32:12",
            "04.01.2018 13:58:32",
            "04.01.2018 13:58:39",
            "09.05.2018 17:32:0",
            "31.12.2017 11:6:59",
            "04.01.2018 12:20:36",
            "03.01.2018 11:30:1",
            "22.06.2018 20:16:25",
            "31.12.2017 11:7:11",
            "22.06.2018 20:16:5",
            "03.01.2018 9:12:42",
            "03.01.2018 11:30:6"
        ],
        "size": [
            "",
            "6557",
            "7405",
            "",
            "125",
            "8488",
            "163328",
            "",
            "67",
            "",
            "",
            "23987"
        ],
        "name": [
            "Урок 2. JVM. Полное погружение",
            "LibreOffice Calc",
            "LibreOffice Writer",
            "Урок 1. Проектирование архитектуры и модели данных",
            "server_settings.json",
            "screen01.png",
            "screen00.png",
            "45t",
            "сlient_settings.json",
            "Kotlin",
            "Урок 3. Сборщики проектов",
            "screen03.png"
        ],
        "type": [
            "dir",
            "file",
            "file",
            "dir",
            "file",
            "file",
            "file",
            "dir",
            "file",
            "dir",
            "dir",
            "file"
        ]
    },
    "response": "list"
}
[INFO ] 2018-06-22 20:16:29.153 [Admin] Server - onException : User Admin on Socket[addr=/127.0.0.1,port=38690,localport=8189] : java.io.EOFException
[INFO ] 2018-06-22 20:16:29.154 [Admin] Server - onStop : User Admin on Socket[addr=/127.0.0.1,port=38690,localport=8189]
[INFO ] 2018-06-22 20:16:33.583 [ServerThread] Server - onStop
[INFO ] 2018-06-22 20:16:35.892 [JavaFX Application Thread] HibernateFactory - Hibernate stoped.
[INFO ] 2018-06-22 20:16:35.894 [JavaFX Application Thread] pooling - HHH10001008: Cleaning up connection pool [jdbc:mysql://localhost:3306/jis?useSSL=false]
