[INFO ] 2018-01-03 11:28:31.325 [JavaFX Application Thread] Settings - 
  i i i i i i i
  I I I I I I I
  I  \ `+' /  I
   \  `-+-'  /
    `-__|__-'
        |
  ------+------
[INFO ] 2018-01-03 11:28:31.381 [JavaFX Application Thread] Settings - Настройки сервера загружены.
[INFO ] 2018-01-03 11:28:34.603 [JavaFX Application Thread] HibernateFactory - Hibernate is building...
[INFO ] 2018-01-03 11:28:38.911 [JavaFX Application Thread] HibernateFactory - Hibernate created.
[INFO ] 2018-01-03 11:28:39.091 [ServerThread] Server - onStart
[INFO ] 2018-01-03 11:28:39.096 [ServerThread] Server - onReady capricorn/127.0.1.1:8189
[INFO ] 2018-01-03 11:29:19.189 [ServerThread] Server - onAccepted : Socket[addr=/127.0.0.1,port=34328,localport=8189]
[INFO ] 2018-01-03 11:29:19.192 [ClientThread] Server - onStart : User ClientThread on Socket[addr=/127.0.0.1,port=34328,localport=8189]
[INFO ] 2018-01-03 11:29:19.193 [ClientThread] Server - onReady : User ClientThread on Socket[addr=/127.0.0.1,port=34328,localport=8189]
[INFO ] 2018-01-03 11:29:19.321 [ClientThread] Server - onGet : User ClientThread on Socket[addr=/127.0.0.1,port=34328,localport=8189] : <-- 
{
    "request": "authentication",
    "data": {
        "password": "admin",
        "login": "admin"
    }
}
[INFO ] 2018-01-03 11:29:19.474 [ClientThread] Server - onPost : User ClientThread on Socket[addr=/127.0.0.1,port=34328,localport=8189] : --> 
{
    "data": {"nickname": "Admin"},
    "response": "authorization"
}
[INFO ] 2018-01-03 11:29:19.646 [Admin] Server - onGet : User Admin on Socket[addr=/127.0.0.1,port=34328,localport=8189] : <-- 
{
    "request": "list",
    "data": {"path": "/"}
}
[INFO ] 2018-01-03 11:29:19.673 [Admin] Server - onPost : User Admin on Socket[addr=/127.0.0.1,port=34328,localport=8189] : --> 
{
    "data": {
        "date": [
            "03.01.2018 9:12:48",
            "31.12.2017 11:6:23",
            "31.12.2017 11:6:59",
            "31.12.2017 11:7:11",
            "03.01.2018 9:12:42"
        ],
        "size": [
            "",
            "",
            "125",
            "67",
            ""
        ],
        "name": [
            "Урок 2. JVM. Полное погружение",
            "Урок 1. Проектирование архитектуры и модели данных",
            "server_settings.json",
            "сlient_settings.json",
            "Урок 3. Сборщики проектов"
        ],
        "type": [
            "dir",
            "dir",
            "file",
            "file",
            "dir"
        ]
    },
    "response": "list"
}
[INFO ] 2018-01-03 11:29:24.912 [Admin] Server - onGet : User Admin on Socket[addr=/127.0.0.1,port=34328,localport=8189] : <-- 
{
    "request": "list",
    "data": {"path": "/Урок 2. JVM. Полное погружение"}
}
[INFO ] 2018-01-03 11:29:24.926 [Admin] Server - onPost : User Admin on Socket[addr=/127.0.0.1,port=34328,localport=8189] : --> 
{
    "data": {
        "date": ["03.01.2018 9:17:55"],
        "size": [""],
        "name": ["new folder"],
        "type": ["dir"]
    },
    "response": "list"
}
[INFO ] 2018-01-03 11:29:25.737 [Admin] Server - onGet : User Admin on Socket[addr=/127.0.0.1,port=34328,localport=8189] : <-- 
{
    "request": "list",
    "data": {"path": "/Урок 2. JVM. Полное погружение/new folder"}
}
[INFO ] 2018-01-03 11:29:25.747 [Admin] Server - onPost : User Admin on Socket[addr=/127.0.0.1,port=34328,localport=8189] : --> 
{
    "data": {
        "date": ["03.01.2018 9:18:2"],
        "size": [""],
        "name": ["new folder"],
        "type": ["dir"]
    },
    "response": "list"
}
[INFO ] 2018-01-03 11:29:26.173 [Admin] Server - onGet : User Admin on Socket[addr=/127.0.0.1,port=34328,localport=8189] : <-- 
{
    "request": "list",
    "data": {"path": "/Урок 2. JVM. Полное погружение/new folder/new folder"}
}
[INFO ] 2018-01-03 11:29:26.183 [Admin] Server - onPost : User Admin on Socket[addr=/127.0.0.1,port=34328,localport=8189] : --> 
{
    "data": {
        "date": ["03.01.2018 9:18:5"],
        "size": [""],
        "name": ["new folder"],
        "type": ["dir"]
    },
    "response": "list"
}
[INFO ] 2018-01-03 11:29:26.720 [Admin] Server - onGet : User Admin on Socket[addr=/127.0.0.1,port=34328,localport=8189] : <-- 
{
    "request": "list",
    "data": {"path": "/Урок 2. JVM. Полное погружение/new folder/new folder/new folder"}
}
[INFO ] 2018-01-03 11:29:26.732 [Admin] Server - onPost : User Admin on Socket[addr=/127.0.0.1,port=34328,localport=8189] : --> 
{
    "data": {
        "date": ["03.01.2018 9:18:9"],
        "size": [""],
        "name": ["new folder"],
        "type": ["dir"]
    },
    "response": "list"
}
[INFO ] 2018-01-03 11:29:27.635 [Admin] Server - onGet : User Admin on Socket[addr=/127.0.0.1,port=34328,localport=8189] : <-- 
{
    "request": "list",
    "data": {"path": "/Урок 2. JVM. Полное погружение/new folder/new folder/new folder/new folder"}
}
[INFO ] 2018-01-03 11:29:27.641 [Admin] Server - onPost : User Admin on Socket[addr=/127.0.0.1,port=34328,localport=8189] : --> 
{
    "data": {
        "date": ["03.01.2018 9:18:9"],
        "size": [""],
        "name": ["new folder"],
        "type": ["dir"]
    },
    "response": "list"
}
[INFO ] 2018-01-03 11:29:28.190 [Admin] Server - onGet : User Admin on Socket[addr=/127.0.0.1,port=34328,localport=8189] : <-- 
{
    "request": "list",
    "data": {"path": "/Урок 2. JVM. Полное погружение/new folder/new folder/new folder/new folder/new folder"}
}
[INFO ] 2018-01-03 11:29:28.200 [Admin] Server - onPost : User Admin on Socket[addr=/127.0.0.1,port=34328,localport=8189] : --> 
{
    "data": {
        "date": [],
        "size": [],
        "name": [],
        "type": []
    },
    "response": "list"
}
[INFO ] 2018-01-03 11:29:36.270 [Admin] Server - onGet : User Admin on Socket[addr=/127.0.0.1,port=34328,localport=8189] : <-- 
{
    "request": "list",
    "data": {"path": "/Урок 2. JVM. Полное погружение/new folder/new folder/new folder/new folder"}
}
[INFO ] 2018-01-03 11:29:36.298 [Admin] Server - onPost : User Admin on Socket[addr=/127.0.0.1,port=34328,localport=8189] : --> 
{
    "data": {
        "date": ["03.01.2018 9:18:9"],
        "size": [""],
        "name": ["new folder"],
        "type": ["dir"]
    },
    "response": "list"
}
[INFO ] 2018-01-03 11:29:36.601 [Admin] Server - onGet : User Admin on Socket[addr=/127.0.0.1,port=34328,localport=8189] : <-- 
{
    "request": "list",
    "data": {"path": "/Урок 2. JVM. Полное погружение/new folder/new folder/new folder"}
}
[INFO ] 2018-01-03 11:29:36.612 [Admin] Server - onPost : User Admin on Socket[addr=/127.0.0.1,port=34328,localport=8189] : --> 
{
    "data": {
        "date": ["03.01.2018 9:18:9"],
        "size": [""],
        "name": ["new folder"],
        "type": ["dir"]
    },
    "response": "list"
}
[INFO ] 2018-01-03 11:29:36.786 [Admin] Server - onGet : User Admin on Socket[addr=/127.0.0.1,port=34328,localport=8189] : <-- 
{
    "request": "list",
    "data": {"path": "/Урок 2. JVM. Полное погружение/new folder/new folder"}
}
[INFO ] 2018-01-03 11:29:36.801 [Admin] Server - onPost : User Admin on Socket[addr=/127.0.0.1,port=34328,localport=8189] : --> 
{
    "data": {
        "date": ["03.01.2018 9:18:5"],
        "size": [""],
        "name": ["new folder"],
        "type": ["dir"]
    },
    "response": "list"
}
[INFO ] 2018-01-03 11:29:36.969 [Admin] Server - onGet : User Admin on Socket[addr=/127.0.0.1,port=34328,localport=8189] : <-- 
{
    "request": "list",
    "data": {"path": "/Урок 2. JVM. Полное погружение/new folder"}
}
[INFO ] 2018-01-03 11:29:36.991 [Admin] Server - onPost : User Admin on Socket[addr=/127.0.0.1,port=34328,localport=8189] : --> 
{
    "data": {
        "date": ["03.01.2018 9:18:2"],
        "size": [""],
        "name": ["new folder"],
        "type": ["dir"]
    },
    "response": "list"
}
[INFO ] 2018-01-03 11:29:37.402 [Admin] Server - onGet : User Admin on Socket[addr=/127.0.0.1,port=34328,localport=8189] : <-- 
{
    "request": "list",
    "data": {"path": "/Урок 2. JVM. Полное погружение"}
}
[INFO ] 2018-01-03 11:29:37.413 [Admin] Server - onPost : User Admin on Socket[addr=/127.0.0.1,port=34328,localport=8189] : --> 
{
    "data": {
        "date": ["03.01.2018 9:17:55"],
        "size": [""],
        "name": ["new folder"],
        "type": ["dir"]
    },
    "response": "list"
}
[INFO ] 2018-01-03 11:29:37.886 [Admin] Server - onGet : User Admin on Socket[addr=/127.0.0.1,port=34328,localport=8189] : <-- 
{
    "request": "list",
    "data": {"path": "/"}
}
[INFO ] 2018-01-03 11:29:37.894 [Admin] Server - onPost : User Admin on Socket[addr=/127.0.0.1,port=34328,localport=8189] : --> 
{
    "data": {
        "date": [
            "03.01.2018 9:12:48",
            "31.12.2017 11:6:23",
            "31.12.2017 11:6:59",
            "31.12.2017 11:7:11",
            "03.01.2018 9:12:42"
        ],
        "size": [
            "",
            "",
            "125",
            "67",
            ""
        ],
        "name": [
            "Урок 2. JVM. Полное погружение",
            "Урок 1. Проектирование архитектуры и модели данных",
            "server_settings.json",
            "сlient_settings.json",
            "Урок 3. Сборщики проектов"
        ],
        "type": [
            "dir",
            "dir",
            "file",
            "file",
            "dir"
        ]
    },
    "response": "list"
}
[INFO ] 2018-01-03 11:29:39.957 [Admin] Server - onGet : User Admin on Socket[addr=/127.0.0.1,port=34328,localport=8189] : <-- 
{
    "request": "list",
    "data": {"path": "/"}
}
[INFO ] 2018-01-03 11:29:39.967 [Admin] Server - onPost : User Admin on Socket[addr=/127.0.0.1,port=34328,localport=8189] : --> 
{
    "data": {
        "date": [
            "03.01.2018 9:12:48",
            "31.12.2017 11:6:23",
            "31.12.2017 11:6:59",
            "31.12.2017 11:7:11",
            "03.01.2018 9:12:42"
        ],
        "size": [
            "",
            "",
            "125",
            "67",
            ""
        ],
        "name": [
            "Урок 2. JVM. Полное погружение",
            "Урок 1. Проектирование архитектуры и модели данных",
            "server_settings.json",
            "сlient_settings.json",
            "Урок 3. Сборщики проектов"
        ],
        "type": [
            "dir",
            "dir",
            "file",
            "file",
            "dir"
        ]
    },
    "response": "list"
}
[INFO ] 2018-01-03 11:29:49.200 [Admin] Server - onGet : User Admin on Socket[addr=/127.0.0.1,port=34328,localport=8189] : <-- 
{
    "request": "download",
    "data": {
        "filename": "/server_settings.json",
        "socket": {
            "hostname": "10.128.9.238",
            "port": 50813
        }
    }
}
[INFO ] 2018-01-03 11:29:49.281 [server_settings.json] Server - onStart : Send file 'server_settings.json' to 'Admin' on 10.128.9.238:50813.
[INFO ] 2018-01-03 11:29:49.315 [server_settings.json] Server - onStop : Send file 'server_settings.json' to 'Admin' on 10.128.9.238:50813.
[INFO ] 2018-01-03 11:30:01.648 [Admin] Server - onGet : User Admin on Socket[addr=/127.0.0.1,port=34328,localport=8189] : <-- 
{
    "request": "upload",
    "data": {"filename": "/screen00.png"}
}
[INFO ] 2018-01-03 11:30:01.685 [Admin] Server - onPost : User Admin on Socket[addr=/127.0.0.1,port=34328,localport=8189] : --> 
{
    "data": {"socket": {
        "hostname": "10.128.9.238",
        "port": 60512,
        "key": "/screen00.png"
    }},
    "response": "ready-upload"
}
[INFO ] 2018-01-03 11:30:01.687 [screen00.png] Server - onStart : Receive file 'screen00.png' from 'Admin'.
[INFO ] 2018-01-03 11:30:01.819 [screen00.png] Server - onPost : User Admin on Socket[addr=/127.0.0.1,port=34328,localport=8189] : --> 
{
    "data": {
        "date": [
            "03.01.2018 9:12:48",
            "31.12.2017 11:6:23",
            "31.12.2017 11:6:59",
            "03.01.2018 11:30:1",
            "31.12.2017 11:7:11",
            "03.01.2018 9:12:42"
        ],
        "size": [
            "",
            "",
            "125",
            "163328",
            "67",
            ""
        ],
        "name": [
            "Урок 2. JVM. Полное погружение",
            "Урок 1. Проектирование архитектуры и модели данных",
            "server_settings.json",
            "screen00.png",
            "сlient_settings.json",
            "Урок 3. Сборщики проектов"
        ],
        "type": [
            "dir",
            "dir",
            "file",
            "file",
            "file",
            "dir"
        ]
    },
    "response": "list"
}
[INFO ] 2018-01-03 11:30:01.821 [screen00.png] Server - onStop : Receive file 'screen00.png' from 'Admin'.
[INFO ] 2018-01-03 11:30:06.618 [Admin] Server - onGet : User Admin on Socket[addr=/127.0.0.1,port=34328,localport=8189] : <-- 
{
    "request": "upload",
    "data": {"filename": "/screen03.png"}
}
[INFO ] 2018-01-03 11:30:06.629 [Admin] Server - onPost : User Admin on Socket[addr=/127.0.0.1,port=34328,localport=8189] : --> 
{
    "data": {"socket": {
        "hostname": "10.128.9.238",
        "port": 58710,
        "key": "/screen03.png"
    }},
    "response": "ready-upload"
}
[INFO ] 2018-01-03 11:30:06.630 [screen03.png] Server - onStart : Receive file 'screen03.png' from 'Admin'.
[INFO ] 2018-01-03 11:30:06.648 [screen03.png] Server - onPost : User Admin on Socket[addr=/127.0.0.1,port=34328,localport=8189] : --> 
{
    "data": {
        "date": [
            "03.01.2018 9:12:48",
            "31.12.2017 11:6:23",
            "31.12.2017 11:6:59",
            "03.01.2018 11:30:1",
            "31.12.2017 11:7:11",
            "03.01.2018 9:12:42",
            "03.01.2018 11:30:6"
        ],
        "size": [
            "",
            "",
            "125",
            "163328",
            "67",
            "",
            "23987"
        ],
        "name": [
            "Урок 2. JVM. Полное погружение",
            "Урок 1. Проектирование архитектуры и модели данных",
            "server_settings.json",
            "screen00.png",
            "сlient_settings.json",
            "Урок 3. Сборщики проектов",
            "screen03.png"
        ],
        "type": [
            "dir",
            "dir",
            "file",
            "file",
            "file",
            "dir",
            "file"
        ]
    },
    "response": "list"
}
[INFO ] 2018-01-03 11:30:06.649 [screen03.png] Server - onStop : Receive file 'screen03.png' from 'Admin'.
[INFO ] 2018-01-03 11:30:10.137 [Admin] Server - onGet : User Admin on Socket[addr=/127.0.0.1,port=34328,localport=8189] : <-- 
{
    "request": "upload",
    "data": {"filename": "/screen01.png"}
}
[INFO ] 2018-01-03 11:30:10.148 [Admin] Server - onPost : User Admin on Socket[addr=/127.0.0.1,port=34328,localport=8189] : --> 
{
    "data": {"socket": {
        "hostname": "10.128.9.238",
        "port": 48067,
        "key": "/screen01.png"
    }},
    "response": "ready-upload"
}
[INFO ] 2018-01-03 11:30:10.173 [screen01.png] Server - onStart : Receive file 'screen01.png' from 'Admin'.
[INFO ] 2018-01-03 11:30:14.109 [Admin] Server - onGet : User Admin on Socket[addr=/127.0.0.1,port=34328,localport=8189] : <-- 
{
    "request": "list",
    "data": {"path": "/"}
}
[INFO ] 2018-01-03 11:30:14.122 [Admin] Server - onPost : User Admin on Socket[addr=/127.0.0.1,port=34328,localport=8189] : --> 
{
    "data": {
        "date": [
            "03.01.2018 9:12:48",
            "31.12.2017 11:6:23",
            "31.12.2017 11:6:59",
            "03.01.2018 11:30:1",
            "31.12.2017 11:7:11",
            "03.01.2018 9:12:42",
            "03.01.2018 11:30:6"
        ],
        "size": [
            "",
            "",
            "125",
            "163328",
            "67",
            "",
            "23987"
        ],
        "name": [
            "Урок 2. JVM. Полное погружение",
            "Урок 1. Проектирование архитектуры и модели данных",
            "server_settings.json",
            "screen00.png",
            "сlient_settings.json",
            "Урок 3. Сборщики проектов",
            "screen03.png"
        ],
        "type": [
            "dir",
            "dir",
            "file",
            "file",
            "file",
            "dir",
            "file"
        ]
    },
    "response": "list"
}
[INFO ] 2018-01-03 11:30:43.483 [Admin] Server - onException : User Admin on Socket[addr=/127.0.0.1,port=34328,localport=8189] : java.io.EOFException
[INFO ] 2018-01-03 11:30:43.484 [Admin] Server - onStop : User Admin on Socket[addr=/127.0.0.1,port=34328,localport=8189]
[INFO ] 2018-01-03 11:31:12.351 [ServerThread] Server - onAccepted : Socket[addr=/127.0.0.1,port=34376,localport=8189]
[INFO ] 2018-01-03 11:31:12.352 [ClientThread] Server - onStart : User ClientThread on Socket[addr=/127.0.0.1,port=34376,localport=8189]
[INFO ] 2018-01-03 11:31:12.356 [ClientThread] Server - onReady : User ClientThread on Socket[addr=/127.0.0.1,port=34376,localport=8189]
[INFO ] 2018-01-03 11:31:12.462 [ClientThread] Server - onGet : User ClientThread on Socket[addr=/127.0.0.1,port=34376,localport=8189] : <-- 
{
    "request": "registration",
    "data": {
        "password": "my",
        "nickname": "Myy S",
        "login": "my",
        "email": "ssdbhsbvjsbdfjs"
    }
}
[INFO ] 2018-01-03 11:31:12.542 [ClientThread] Server - Личный каталог '/store/david/836ae8b2-611e-4eb8-baad-70cb819aea1f' для пользователя 'Myy S' зарегистрирован.
[INFO ] 2018-01-03 11:31:12.543 [ClientThread] Server - onPost : User ClientThread on Socket[addr=/127.0.0.1,port=34376,localport=8189] : --> 
{
    "data": {"message": "Пользователь 'Myy S' зарегистрирован."},
    "response": "registred"
}
[INFO ] 2018-01-03 11:31:12.543 [ClientThread] Server - User 'my' registred.
[INFO ] 2018-01-03 11:31:12.547 [ClientThread] Server - onException : User ClientThread on Socket[addr=/127.0.0.1,port=34376,localport=8189] : java.io.EOFException
[INFO ] 2018-01-03 11:31:12.548 [ClientThread] Server - onStop : User ClientThread on Socket[addr=/127.0.0.1,port=34376,localport=8189]
[INFO ] 2018-01-03 11:31:17.190 [ServerThread] Server - onAccepted : Socket[addr=/127.0.0.1,port=34380,localport=8189]
[INFO ] 2018-01-03 11:31:17.191 [ClientThread] Server - onStart : User ClientThread on Socket[addr=/127.0.0.1,port=34380,localport=8189]
[INFO ] 2018-01-03 11:31:17.192 [ClientThread] Server - onReady : User ClientThread on Socket[addr=/127.0.0.1,port=34380,localport=8189]
[INFO ] 2018-01-03 11:31:17.291 [ClientThread] Server - onGet : User ClientThread on Socket[addr=/127.0.0.1,port=34380,localport=8189] : <-- 
{
    "request": "authentication",
    "data": {
        "password": "my",
        "login": "my"
    }
}
[INFO ] 2018-01-03 11:31:17.304 [ClientThread] Server - onPost : User ClientThread on Socket[addr=/127.0.0.1,port=34380,localport=8189] : --> 
{
    "data": {"nickname": "Myy S"},
    "response": "authorization"
}
[INFO ] 2018-01-03 11:31:17.501 [Myy S] Server - onGet : User Myy S on Socket[addr=/127.0.0.1,port=34380,localport=8189] : <-- 
{
    "request": "list",
    "data": {"path": "/"}
}
[INFO ] 2018-01-03 11:31:17.509 [Myy S] Server - onPost : User Myy S on Socket[addr=/127.0.0.1,port=34380,localport=8189] : --> 
{
    "data": {
        "date": [],
        "size": [],
        "name": [],
        "type": []
    },
    "response": "list"
}
[INFO ] 2018-01-03 11:31:23.307 [Myy S] Server - onGet : User Myy S on Socket[addr=/127.0.0.1,port=34380,localport=8189] : <-- 
{
    "request": "create-folder",
    "data": {"new-folder": "/new folder"}
}
[INFO ] 2018-01-03 11:31:23.322 [Myy S] Server - Новый каталог '/new folder' пользователя 'Myy S' создан.
[INFO ] 2018-01-03 11:31:23.327 [Myy S] Server - onPost : User Myy S on Socket[addr=/127.0.0.1,port=34380,localport=8189] : --> 
{
    "data": {
        "date": ["03.01.2018 11:31:23"],
        "size": [""],
        "name": ["new folder"],
        "type": ["dir"]
    },
    "response": "list"
}
[INFO ] 2018-01-03 11:31:27.267 [Myy S] Server - onGet : User Myy S on Socket[addr=/127.0.0.1,port=34380,localport=8189] : <-- 
{
    "request": "rename",
    "data": {
        "new-path": "/1234567890",
        "old-path": "/new folder"
    }
}
[INFO ] 2018-01-03 11:31:27.286 [Myy S] Server - onPost : User Myy S on Socket[addr=/127.0.0.1,port=34380,localport=8189] : --> 
{
    "data": {
        "date": ["03.01.2018 11:31:23"],
        "size": [""],
        "name": ["1234567890"],
        "type": ["dir"]
    },
    "response": "list"
}
[INFO ] 2018-01-03 11:31:35.958 [Myy S] Server - onGet : User Myy S on Socket[addr=/127.0.0.1,port=34380,localport=8189] : <-- 
{
    "request": "delete",
    "data": {"path": "/1234567890"}
}
[INFO ] 2018-01-03 11:31:35.981 [Myy S] Server - Удален путь '/1234567890' у пользователя 'Myy S' в хранилище.
[INFO ] 2018-01-03 11:31:35.983 [Myy S] Server - onPost : User Myy S on Socket[addr=/127.0.0.1,port=34380,localport=8189] : --> 
{
    "data": {
        "date": [],
        "size": [],
        "name": [],
        "type": []
    },
    "response": "list"
}
[INFO ] 2018-01-03 11:31:43.170 [Myy S] Server - onGet : User Myy S on Socket[addr=/127.0.0.1,port=34380,localport=8189] : <-- 
{
    "request": "list",
    "data": {"path": "/"}
}
[INFO ] 2018-01-03 11:31:43.178 [Myy S] Server - onPost : User Myy S on Socket[addr=/127.0.0.1,port=34380,localport=8189] : --> 
{
    "data": {
        "date": [],
        "size": [],
        "name": [],
        "type": []
    },
    "response": "list"
}
[INFO ] 2018-01-03 11:32:01.716 [Myy S] Server - onException : User Myy S on Socket[addr=/127.0.0.1,port=34380,localport=8189] : java.io.EOFException
[INFO ] 2018-01-03 11:32:01.717 [Myy S] Server - onStop : User Myy S on Socket[addr=/127.0.0.1,port=34380,localport=8189]
[INFO ] 2018-01-03 11:32:22.752 [ServerThread] Server - onAccepted : Socket[addr=/127.0.0.1,port=34394,localport=8189]
[INFO ] 2018-01-03 11:32:22.755 [ClientThread] Server - onStart : User ClientThread on Socket[addr=/127.0.0.1,port=34394,localport=8189]
[INFO ] 2018-01-03 11:32:22.756 [ClientThread] Server - onReady : User ClientThread on Socket[addr=/127.0.0.1,port=34394,localport=8189]
[INFO ] 2018-01-03 11:32:22.859 [ClientThread] Server - onGet : User ClientThread on Socket[addr=/127.0.0.1,port=34394,localport=8189] : <-- 
{
    "request": "authentication",
    "data": {
        "password": "admin",
        "login": "admin"
    }
}
[INFO ] 2018-01-03 11:32:22.883 [ClientThread] Server - onPost : User ClientThread on Socket[addr=/127.0.0.1,port=34394,localport=8189] : --> 
{
    "data": {"nickname": "Admin"},
    "response": "authorization"
}
[INFO ] 2018-01-03 11:32:23.063 [Admin] Server - onGet : User Admin on Socket[addr=/127.0.0.1,port=34394,localport=8189] : <-- 
{
    "request": "list",
    "data": {"path": "/"}
}
[INFO ] 2018-01-03 11:32:23.078 [Admin] Server - onPost : User Admin on Socket[addr=/127.0.0.1,port=34394,localport=8189] : --> 
{
    "data": {
        "date": [
            "03.01.2018 9:12:48",
            "31.12.2017 11:6:23",
            "31.12.2017 11:6:59",
            "03.01.2018 11:30:1",
            "31.12.2017 11:7:11",
            "03.01.2018 9:12:42",
            "03.01.2018 11:30:6"
        ],
        "size": [
            "",
            "",
            "125",
            "163328",
            "67",
            "",
            "23987"
        ],
        "name": [
            "Урок 2. JVM. Полное погружение",
            "Урок 1. Проектирование архитектуры и модели данных",
            "server_settings.json",
            "screen00.png",
            "сlient_settings.json",
            "Урок 3. Сборщики проектов",
            "screen03.png"
        ],
        "type": [
            "dir",
            "dir",
            "file",
            "file",
            "file",
            "dir",
            "file"
        ]
    },
    "response": "list"
}
[INFO ] 2018-01-03 11:32:41.094 [Admin] Server - onGet : User Admin on Socket[addr=/127.0.0.1,port=34394,localport=8189] : <-- 
{
    "request": "upload",
    "data": {"filename": "/Урок 4. Операции.mp4"}
}
[INFO ] 2018-01-03 11:32:41.116 [Admin] Server - onPost : User Admin on Socket[addr=/127.0.0.1,port=34394,localport=8189] : --> 
{
    "data": {"socket": {
        "hostname": "10.128.9.238",
        "port": 55297,
        "key": "/Урок 4. Операции.mp4"
    }},
    "response": "ready-upload"
}
[INFO ] 2018-01-03 11:32:41.128 [Урок 4. Операции.mp4] Server - onStart : Receive file 'Урок 4. Операции.mp4' from 'Admin'.
[INFO ] 2018-01-03 11:32:55.415 [Урок 4. Операции.mp4] Server - onPost : User Admin on Socket[addr=/127.0.0.1,port=34394,localport=8189] : --> 
{
    "data": {
        "date": [
            "03.01.2018 9:12:48",
            "31.12.2017 11:6:23",
            "31.12.2017 11:6:59",
            "03.01.2018 11:30:1",
            "31.12.2017 11:7:11",
            "03.01.2018 11:32:55",
            "03.01.2018 9:12:42",
            "03.01.2018 11:30:6"
        ],
        "size": [
            "",
            "",
            "125",
            "163328",
            "67",
            "351622588",
            "",
            "23987"
        ],
        "name": [
            "Урок 2. JVM. Полное погружение",
            "Урок 1. Проектирование архитектуры и модели данных",
            "server_settings.json",
            "screen00.png",
            "сlient_settings.json",
            "Урок 4. Операции.mp4",
            "Урок 3. Сборщики проектов",
            "screen03.png"
        ],
        "type": [
            "dir",
            "dir",
            "file",
            "file",
            "file",
            "file",
            "dir",
            "file"
        ]
    },
    "response": "list"
}
[INFO ] 2018-01-03 11:32:55.416 [Урок 4. Операции.mp4] Server - onStop : Receive file 'Урок 4. Операции.mp4' from 'Admin'.
[INFO ] 2018-01-03 11:33:46.300 [Admin] Server - onException : User Admin on Socket[addr=/127.0.0.1,port=34394,localport=8189] : java.io.EOFException
[INFO ] 2018-01-03 11:33:46.301 [Admin] Server - onStop : User Admin on Socket[addr=/127.0.0.1,port=34394,localport=8189]
[INFO ] 2018-01-03 11:33:48.827 [ServerThread] Server - onStop
[INFO ] 2018-01-03 11:33:49.505 [JavaFX Application Thread] HibernateFactory - Hibernate stoped.
[INFO ] 2018-01-03 11:43:34.164 [JavaFX Application Thread] Settings - 
  i i i i i i i
  I I I I I I I
  I  \ `+' /  I
   \  `-+-'  /
    `-__|__-'
        |
  ------+------
[INFO ] 2018-01-03 11:43:34.238 [JavaFX Application Thread] Settings - Настройки сервера загружены.
[INFO ] 2018-01-03 11:43:38.095 [JavaFX Application Thread] HibernateFactory - Hibernate is building...
[INFO ] 2018-01-03 11:43:41.938 [JavaFX Application Thread] HibernateFactory - Hibernate created.
[INFO ] 2018-01-03 11:43:42.075 [ServerThread] Server - onStart
[INFO ] 2018-01-03 11:43:42.086 [ServerThread] Server - onReady capricorn/127.0.1.1:8189
[INFO ] 2018-01-03 11:43:59.340 [ServerThread] Server - onAccepted : Socket[addr=/127.0.0.1,port=34548,localport=8189]
[INFO ] 2018-01-03 11:43:59.357 [ClientThread] Server - onStart : User ClientThread on Socket[addr=/127.0.0.1,port=34548,localport=8189]
[INFO ] 2018-01-03 11:43:59.358 [ClientThread] Server - onReady : User ClientThread on Socket[addr=/127.0.0.1,port=34548,localport=8189]
[INFO ] 2018-01-03 11:43:59.478 [ClientThread] Server - onGet : User ClientThread on Socket[addr=/127.0.0.1,port=34548,localport=8189] : <-- 
{
    "request": "authentication",
    "data": {
        "password": "admin",
        "login": "admin"
    }
}
[INFO ] 2018-01-03 11:43:59.620 [ClientThread] Server - onPost : User ClientThread on Socket[addr=/127.0.0.1,port=34548,localport=8189] : --> 
{
    "data": {"nickname": "Admin"},
    "response": "authorization"
}
[INFO ] 2018-01-03 11:43:59.784 [Admin] Server - onGet : User Admin on Socket[addr=/127.0.0.1,port=34548,localport=8189] : <-- 
{
    "request": "list",
    "data": {"path": "/"}
}
[INFO ] 2018-01-03 11:43:59.827 [Admin] Server - onPost : User Admin on Socket[addr=/127.0.0.1,port=34548,localport=8189] : --> 
{
    "data": {
        "date": [
            "03.01.2018 9:12:48",
            "31.12.2017 11:6:23",
            "31.12.2017 11:6:59",
            "03.01.2018 11:30:1",
            "31.12.2017 11:7:11",
            "03.01.2018 11:32:55",
            "03.01.2018 9:12:42",
            "03.01.2018 11:30:6"
        ],
        "size": [
            "",
            "",
            "125",
            "163328",
            "67",
            "351622588",
            "",
            "23987"
        ],
        "name": [
            "Урок 2. JVM. Полное погружение",
            "Урок 1. Проектирование архитектуры и модели данных",
            "server_settings.json",
            "screen00.png",
            "сlient_settings.json",
            "Урок 4. Операции.mp4",
            "Урок 3. Сборщики проектов",
            "screen03.png"
        ],
        "type": [
            "dir",
            "dir",
            "file",
            "file",
            "file",
            "file",
            "dir",
            "file"
        ]
    },
    "response": "list"
}
[INFO ] 2018-01-03 11:44:03.370 [Admin] Server - onException : User Admin on Socket[addr=/127.0.0.1,port=34548,localport=8189] : java.io.EOFException
[INFO ] 2018-01-03 11:44:03.371 [Admin] Server - onStop : User Admin on Socket[addr=/127.0.0.1,port=34548,localport=8189]
[INFO ] 2018-01-03 11:52:00.566 [JavaFX Application Thread] Settings - 
  i i i i i i i
  I I I I I I I
  I  \ `+' /  I
   \  `-+-'  /
    `-__|__-'
        |
  ------+------
[INFO ] 2018-01-03 11:52:00.623 [JavaFX Application Thread] Settings - Настройки сервера загружены.
[INFO ] 2018-01-03 11:52:05.080 [JavaFX Application Thread] HibernateFactory - Hibernate is building...
[INFO ] 2018-01-03 11:52:11.240 [JavaFX Application Thread] HibernateFactory - Hibernate created.
[INFO ] 2018-01-03 11:52:11.573 [ServerThread] Server - onStart
[INFO ] 2018-01-03 11:52:11.585 [ServerThread] Server - onReady capricorn/127.0.1.1:8189
[INFO ] 2018-01-03 11:52:12.392 [JavaFX Application Thread] Server - Поток сервера уже запущен.
[INFO ] 2018-01-03 11:52:24.440 [ServerThread] Server - onAccepted : Socket[addr=/127.0.0.1,port=34734,localport=8189]
[INFO ] 2018-01-03 11:52:24.443 [ClientThread] Server - onStart : User ClientThread on Socket[addr=/127.0.0.1,port=34734,localport=8189]
[INFO ] 2018-01-03 11:52:24.444 [ClientThread] Server - onReady : User ClientThread on Socket[addr=/127.0.0.1,port=34734,localport=8189]
[INFO ] 2018-01-03 11:52:24.548 [ClientThread] Server - onGet : User ClientThread on Socket[addr=/127.0.0.1,port=34734,localport=8189] : <-- 
{
    "request": "authentication",
    "data": {
        "password": "admin",
        "login": "admin"
    }
}
[INFO ] 2018-01-03 11:52:24.684 [ClientThread] Server - onPost : User ClientThread on Socket[addr=/127.0.0.1,port=34734,localport=8189] : --> 
{
    "data": {"nickname": "Admin"},
    "response": "authorization"
}
[INFO ] 2018-01-03 11:52:24.909 [Admin] Server - onGet : User Admin on Socket[addr=/127.0.0.1,port=34734,localport=8189] : <-- 
{
    "request": "list",
    "data": {"path": "/"}
}
[INFO ] 2018-01-03 11:52:24.963 [Admin] Server - onPost : User Admin on Socket[addr=/127.0.0.1,port=34734,localport=8189] : --> 
{
    "data": {
        "date": [
            "03.01.2018 9:12:48",
            "31.12.2017 11:6:23",
            "31.12.2017 11:6:59",
            "03.01.2018 11:30:1",
            "31.12.2017 11:7:11",
            "03.01.2018 11:32:55",
            "03.01.2018 9:12:42",
            "03.01.2018 11:30:6"
        ],
        "size": [
            "",
            "",
            "125",
            "163328",
            "67",
            "351622588",
            "",
            "23987"
        ],
        "name": [
            "Урок 2. JVM. Полное погружение",
            "Урок 1. Проектирование архитектуры и модели данных",
            "server_settings.json",
            "screen00.png",
            "сlient_settings.json",
            "Урок 4. Операции.mp4",
            "Урок 3. Сборщики проектов",
            "screen03.png"
        ],
        "type": [
            "dir",
            "dir",
            "file",
            "file",
            "file",
            "file",
            "dir",
            "file"
        ]
    },
    "response": "list"
}
[INFO ] 2018-01-03 11:52:40.450 [Admin] Server - onException : User Admin on Socket[addr=/127.0.0.1,port=34734,localport=8189] : java.io.EOFException
[INFO ] 2018-01-03 11:52:40.452 [Admin] Server - onStop : User Admin on Socket[addr=/127.0.0.1,port=34734,localport=8189]
[INFO ] 2018-01-03 11:52:42.458 [ServerThread] Server - onStop
[INFO ] 2018-01-03 11:53:05.592 [JavaFX Application Thread] HibernateFactory - Hibernate stoped.
